<?xml version="1.0" encoding="UTF-8"?>
<!-- Generated by org.testng.reporters.JUnitReportReporter -->
<testsuite hostname="DESKTOP-ADCV5S3" failures="0" tests="1" name="com.crud.CreateBookingTest" time="1.502" errors="0" timestamp="2023-02-26T12:04:05 IST" skipped="0">
  <testcase classname="com.crud.CreateBookingTest" name="testCreateBooking" time="1.502"/>
  <system-out/>
</testsuite> <!-- com.crud.CreateBookingTest -->
