<?xml version="1.0" encoding="UTF-8"?>
<!-- Generated by org.testng.reporters.JUnitReportReporter -->
<testsuite hostname="DESKTOP-ADCV5S3" failures="0" tests="4" name="com.crud.Intregation3Testing" time="30.715" errors="0" timestamp="2023-02-26T12:04:05 IST" skipped="0">
  <testcase classname="com.crud.Intregation3Testing" name="getId" time="19.898"/>
  <system-out/>
  <testcase classname="com.crud.Intregation3Testing" name="getBookingbyid" time="2.913"/>
  <system-out/>
  <testcase classname="com.crud.Intregation3Testing" name="updateBooking" time="4.996"/>
  <system-out/>
  <testcase classname="com.crud.Intregation3Testing" name="getVerifyid" time="2.908"/>
  <system-out/>
</testsuite> <!-- com.crud.Intregation3Testing -->
