<?xml version="1.0" encoding="UTF-8"?>
<!-- Generated by org.testng.reporters.JUnitReportReporter -->
<testsuite hostname="DESKTOP-ADCV5S3" failures="0" tests="3" name="com.crud.Intregation2Testing" time="7.485" errors="0" timestamp="2023-02-26T12:04:05 IST" skipped="0">
  <testcase classname="com.crud.Intregation2Testing" name="deleteBooking" time="3.054"/>
  <system-out/>
  <testcase classname="com.crud.Intregation2Testing" name="CreateBooking" time="1.465"/>
  <system-out/>
  <testcase classname="com.crud.Intregation2Testing" name="verifyDeleteId" time="2.966"/>
  <system-out/>
</testsuite> <!-- com.crud.Intregation2Testing -->
