<?xml version="1.0" encoding="UTF-8"?>
<!-- Generated by org.testng.reporters.JUnitReportReporter -->
<testsuite hostname="DESKTOP-ADCV5S3" failures="0" tests="3" name="com.crud.Intregation1Testing" time="8.060" errors="0" timestamp="2023-02-26T12:04:05 IST" skipped="0">
  <testcase classname="com.crud.Intregation1Testing" name="testCreateBooking" time="1.498"/>
  <system-out/>
  <testcase classname="com.crud.Intregation1Testing" name="getBookinfbyid" time="3.685"/>
  <system-out/>
  <testcase classname="com.crud.Intregation1Testing" name="testCreateAndUpdateBooking" time="2.877"/>
  <system-out/>
</testsuite> <!-- com.crud.Intregation1Testing -->
