<?xml version="1.0" encoding="UTF-8"?>
<!-- Generated by org.testng.reporters.JUnitReportReporter -->
<testsuite hostname="DESKTOP-ADCV5S3" failures="0" tests="1" name="com.crud.CreateBookingTest" time="5.993" errors="0" timestamp="2023-02-26T19:57:26 IST" skipped="0">
  <testcase classname="com.crud.CreateBookingTest" name="testCreateBooking" time="5.993"/>
  <system-out/>
</testsuite> <!-- com.crud.CreateBookingTest -->
